<?xml version="1.0" encoding="UTF-8"?>
<testsuite xmlns:xsi="http://www.w3.org/2001/XMLSchema-instance" xsi:noNamespaceSchemaLocation="https://maven.apache.org/surefire/maven-surefire-plugin/xsd/surefire-test-report-3.0.xsd" version="3.0" name="edu.lab.core.events.SimpleEventBusTest" time="0.006" tests="2" errors="0" skipped="0" failures="0">
  <properties>
[...]
</properties>
  <testcase name="publish_delivers_event_to_subscribers" classname="edu.lab.core.events.SimpleEventBusTest" time="0.002"/>
  <testcase name="unsubscribe_stops_delivery" classname="edu.lab.core.events.SimpleEventBusTest" time="0.003"/>
</testsuite>